<?xml version="1.0" encoding="UTF-8"?>
<!-- Generated by org.testng.reporters.JUnitXMLReporter -->
<testsuite hostname="DESKTOP-2DTGKL6" ignored="0" name="Test" tests="1" failures="1" timestamp="2020-01-10T02:11:23 PST" time="0.051" errors="0">
  <testcase name="@BeforeTest beforeTest" time="0.022" classname="com.facebook.automation.TestExecutor.TestBase">
    <failure type="java.lang.NullPointerException">
      <![CDATA[java.lang.NullPointerException
at com.facebook.automation.TestExecutor.TestBase.beforeTest(TestBase.java:42)
... Removed 24 stack frames]]>
    </failure>
  </testcase> <!-- @BeforeTest beforeTest -->
  <testcase name="@AfterTest tearDown" time="-1.578651083159E9" classname="com.facebook.automation.TestExecutor.TestBase">
    <skipped/>
  </testcase> <!-- @AfterTest tearDown -->
  <testcase name="login" time="0.0" classname="com.facebook.automation.main.FacebookLoginSteps">
    <failure type="org.testng.TestNGException" message="
Cannot inject @Test annotated Method [login] with [class com.facebook.automation.utils.POJOComponentHolder].
For more information on native dependency injection please refer to http://testng.org/doc/documentation-main.html#native-dependency-injection">
      <![CDATA[org.testng.TestNGException: 
Cannot inject @Test annotated Method [login] with [class com.facebook.automation.utils.POJOComponentHolder].
For more information on native dependency injection please refer to http://testng.org/doc/documentation-main.html#native-dependency-injection
at java.util.ArrayList.forEach(Unknown Source)
... Removed 26 stack frames]]>
    </failure>
  </testcase> <!-- login -->
</testsuite> <!-- Test -->
